-------------------------------------------------------------------------------
Test set: com.angularBootRef.springBootPortfolio.CarUnitTest
-------------------------------------------------------------------------------
Tests run: 2, Failures: 1, Errors: 0, Skipped: 0, Time elapsed: 4.005 s <<< FAILURE! - in com.angularBootRef.springBootPortfolio.CarUnitTest
findOne(com.angularBootRef.springBootPortfolio.CarUnitTest)  Time elapsed: 0.028 s  <<< FAILURE!
java.lang.AssertionError: Content type not set
	at com.angularBootRef.springBootPortfolio.CarUnitTest.findOne(CarUnitTest.java:46)

